[0.353s] DEBUG:colcon:Command line arguments: ['/usr/bin/colcon', 'build', '--symlink-install', '--cmake-args', '-DCMAKE_BUILD_TYPE=RelWithDebInfo']
[0.353s] DEBUG:colcon:Parsed command line arguments: Namespace(log_base=None, log_level=None, verb_name='build', build_base='build', install_base='install', merge_install=False, symlink_install=True, test_result_base=None, continue_on_error=False, executor='parallel', parallel_workers=4, event_handlers=None, ignore_user_meta=False, metas=['./colcon.meta'], base_paths=['.'], packages_ignore=None, packages_ignore_regex=None, paths=None, packages_up_to=None, packages_up_to_regex=None, packages_above=None, packages_above_and_dependencies=None, packages_above_depth=None, packages_select_by_dep=None, packages_skip_by_dep=None, packages_skip_up_to=None, packages_select_build_failed=False, packages_skip_build_finished=False, packages_select_test_failures=False, packages_skip_test_passed=False, packages_select=None, packages_skip=None, packages_select_regex=None, packages_skip_regex=None, packages_start=None, packages_end=None, allow_overriding=[], cmake_args=['-DCMAKE_BUILD_TYPE=RelWithDebInfo'], cmake_target=None, cmake_target_skip_unavailable=False, cmake_clean_cache=False, cmake_clean_first=False, cmake_force_configure=False, ament_cmake_args=None, catkin_cmake_args=None, catkin_skip_building_tests=False, mixin_files=None, mixin=None, verb_parser=<colcon_mixin.mixin.mixin_argument.MixinArgumentDecorator object at 0x7e659182a870>, verb_extension=<colcon_core.verb.build.BuildVerb object at 0x7e65916df9b0>, main=<bound method BuildVerb.main of <colcon_core.verb.build.BuildVerb object at 0x7e65916df9b0>>, mixin_verb=('build',))
[0.518s] Level 1:colcon.colcon_core.package_discovery:discover_packages(colcon_meta) check parameters
[0.518s] Level 1:colcon.colcon_core.package_discovery:discover_packages(recursive) check parameters
[0.518s] Level 1:colcon.colcon_core.package_discovery:discover_packages(ignore) check parameters
[0.518s] Level 1:colcon.colcon_core.package_discovery:discover_packages(path) check parameters
[0.518s] Level 1:colcon.colcon_core.package_discovery:discover_packages(colcon_meta) discover
[0.519s] Level 1:colcon.colcon_core.package_discovery:discover_packages(recursive) discover
[0.519s] INFO:colcon.colcon_core.package_discovery:Crawling recursively for packages in '/home/ros-user/ros2_jazzy/src/ros2/cpp_clock'
[0.519s] Level 1:colcon.colcon_core.package_identification:_identify(.) by extensions ['ignore', 'ignore_ament_install']
[0.519s] Level 1:colcon.colcon_core.package_identification:_identify(.) by extension 'ignore'
[0.519s] Level 1:colcon.colcon_core.package_identification:_identify(.) by extension 'ignore_ament_install'
[0.520s] Level 1:colcon.colcon_core.package_identification:_identify(.) by extensions ['colcon_pkg']
[0.520s] Level 1:colcon.colcon_core.package_identification:_identify(.) by extension 'colcon_pkg'
[0.520s] Level 1:colcon.colcon_core.package_identification:_identify(.) by extensions ['colcon_meta']
[0.520s] Level 1:colcon.colcon_core.package_identification:_identify(.) by extension 'colcon_meta'
[0.520s] Level 1:colcon.colcon_core.package_identification:_identify(.) by extensions ['ros']
[0.520s] Level 1:colcon.colcon_core.package_identification:_identify(.) by extension 'ros'
[0.639s] DEBUG:colcon.colcon_core.package_identification:Package '.' with type 'ros.ament_cmake' and name 'cpp_clock'
[0.639s] Level 1:colcon.colcon_core.package_discovery:discover_packages(recursive) using defaults
[0.639s] Level 1:colcon.colcon_core.package_discovery:discover_packages(ignore) discover
[0.639s] Level 1:colcon.colcon_core.package_discovery:discover_packages(ignore) using defaults
[0.639s] Level 1:colcon.colcon_core.package_discovery:discover_packages(path) discover
[0.639s] Level 1:colcon.colcon_core.package_discovery:discover_packages(path) using defaults
[0.700s] Level 1:colcon.colcon_core.package_discovery:discover_packages(prefix_path) check parameters
[0.700s] Level 1:colcon.colcon_core.package_discovery:discover_packages(prefix_path) discover
[0.710s] DEBUG:colcon.colcon_installed_package_information.package_discovery:Found 329 installed packages in /opt/ros/jazzy
[0.712s] Level 1:colcon.colcon_core.package_discovery:discover_packages(prefix_path) using defaults
[0.867s] Level 5:colcon.colcon_core.verb:set package 'cpp_clock' build argument 'cmake_args' from command line to '['-DCMAKE_BUILD_TYPE=RelWithDebInfo']'
[0.868s] Level 5:colcon.colcon_core.verb:set package 'cpp_clock' build argument 'cmake_target' from command line to 'None'
[0.868s] Level 5:colcon.colcon_core.verb:set package 'cpp_clock' build argument 'cmake_target_skip_unavailable' from command line to 'False'
[0.868s] Level 5:colcon.colcon_core.verb:set package 'cpp_clock' build argument 'cmake_clean_cache' from command line to 'False'
[0.868s] Level 5:colcon.colcon_core.verb:set package 'cpp_clock' build argument 'cmake_clean_first' from command line to 'False'
[0.868s] Level 5:colcon.colcon_core.verb:set package 'cpp_clock' build argument 'cmake_force_configure' from command line to 'False'
[0.868s] Level 5:colcon.colcon_core.verb:set package 'cpp_clock' build argument 'ament_cmake_args' from command line to 'None'
[0.868s] Level 5:colcon.colcon_core.verb:set package 'cpp_clock' build argument 'catkin_cmake_args' from command line to 'None'
[0.868s] Level 5:colcon.colcon_core.verb:set package 'cpp_clock' build argument 'catkin_skip_building_tests' from command line to 'False'
[0.868s] DEBUG:colcon.colcon_core.verb:Building package 'cpp_clock' with the following arguments: {'ament_cmake_args': None, 'build_base': '/home/ros-user/ros2_jazzy/src/ros2/cpp_clock/build/cpp_clock', 'catkin_cmake_args': None, 'catkin_skip_building_tests': False, 'cmake_args': ['-DCMAKE_BUILD_TYPE=RelWithDebInfo'], 'cmake_clean_cache': False, 'cmake_clean_first': False, 'cmake_force_configure': False, 'cmake_target': None, 'cmake_target_skip_unavailable': False, 'install_base': '/home/ros-user/ros2_jazzy/src/ros2/cpp_clock/install/cpp_clock', 'merge_install': False, 'path': '/home/ros-user/ros2_jazzy/src/ros2/cpp_clock', 'symlink_install': True, 'test_result_base': None}
[0.868s] INFO:colcon.colcon_core.executor:Executing jobs using 'parallel' executor
[0.871s] DEBUG:colcon.colcon_parallel_executor.executor.parallel:run_until_complete
[0.873s] INFO:colcon.colcon_ros.task.ament_cmake.build:Building ROS package in '/home/ros-user/ros2_jazzy/src/ros2/cpp_clock' with build type 'ament_cmake'
[0.874s] INFO:colcon.colcon_cmake.task.cmake.build:Building CMake package in '/home/ros-user/ros2_jazzy/src/ros2/cpp_clock'
[0.889s] INFO:colcon.colcon_core.plugin_system:Skipping extension 'colcon_core.shell.bat': Not used on non-Windows systems
[0.890s] INFO:colcon.colcon_core.shell:Skip shell extension 'powershell' for command environment: Not usable outside of PowerShell
[0.890s] DEBUG:colcon.colcon_core.shell:Skip shell extension 'dsv' for command environment
[0.918s] DEBUG:colcon.colcon_core.event_handler.log_command:Invoking command in '/home/ros-user/ros2_jazzy/src/ros2/cpp_clock/build/cpp_clock': CMAKE_PREFIX_PATH=${CMAKE_PREFIX_PATH}:/opt/ros/jazzy DEBUGINFOD_URLS=https://debuginfod.ubuntu.com /usr/bin/cmake /home/ros-user/ros2_jazzy/src/ros2/cpp_clock -DCMAKE_BUILD_TYPE=RelWithDebInfo -DAMENT_CMAKE_SYMLINK_INSTALL=1 -DCMAKE_INSTALL_PREFIX=/home/ros-user/ros2_jazzy/src/ros2/cpp_clock/install/cpp_clock
[6.085s] DEBUG:colcon.colcon_core.event_handler.log_command:Invoked command in '/home/ros-user/ros2_jazzy/src/ros2/cpp_clock/build/cpp_clock' returned '0': CMAKE_PREFIX_PATH=${CMAKE_PREFIX_PATH}:/opt/ros/jazzy DEBUGINFOD_URLS=https://debuginfod.ubuntu.com /usr/bin/cmake /home/ros-user/ros2_jazzy/src/ros2/cpp_clock -DCMAKE_BUILD_TYPE=RelWithDebInfo -DAMENT_CMAKE_SYMLINK_INSTALL=1 -DCMAKE_INSTALL_PREFIX=/home/ros-user/ros2_jazzy/src/ros2/cpp_clock/install/cpp_clock
[6.092s] DEBUG:colcon.colcon_core.event_handler.log_command:Invoking command in '/home/ros-user/ros2_jazzy/src/ros2/cpp_clock/build/cpp_clock': CMAKE_PREFIX_PATH=${CMAKE_PREFIX_PATH}:/opt/ros/jazzy DEBUGINFOD_URLS=https://debuginfod.ubuntu.com /usr/bin/cmake --build /home/ros-user/ros2_jazzy/src/ros2/cpp_clock/build/cpp_clock -- -j4 -l4
[53.884s] DEBUG:colcon.colcon_core.event_handler.log_command:Invoked command in '/home/ros-user/ros2_jazzy/src/ros2/cpp_clock/build/cpp_clock' returned '0': CMAKE_PREFIX_PATH=${CMAKE_PREFIX_PATH}:/opt/ros/jazzy DEBUGINFOD_URLS=https://debuginfod.ubuntu.com /usr/bin/cmake --build /home/ros-user/ros2_jazzy/src/ros2/cpp_clock/build/cpp_clock -- -j4 -l4
[53.921s] DEBUG:colcon.colcon_core.event_handler.log_command:Invoking command in '/home/ros-user/ros2_jazzy/src/ros2/cpp_clock/build/cpp_clock': CMAKE_PREFIX_PATH=${CMAKE_PREFIX_PATH}:/opt/ros/jazzy DEBUGINFOD_URLS=https://debuginfod.ubuntu.com /usr/bin/cmake --install /home/ros-user/ros2_jazzy/src/ros2/cpp_clock/build/cpp_clock
[54.500s] Level 1:colcon.colcon_core.environment:create_environment_scripts_only(cpp_clock)
[54.509s] DEBUG:colcon.colcon_core.event_handler.log_command:Invoked command in '/home/ros-user/ros2_jazzy/src/ros2/cpp_clock/build/cpp_clock' returned '0': CMAKE_PREFIX_PATH=${CMAKE_PREFIX_PATH}:/opt/ros/jazzy DEBUGINFOD_URLS=https://debuginfod.ubuntu.com /usr/bin/cmake --install /home/ros-user/ros2_jazzy/src/ros2/cpp_clock/build/cpp_clock
[54.529s] Level 1:colcon.colcon_core.environment:checking '/home/ros-user/ros2_jazzy/src/ros2/cpp_clock/install/cpp_clock' for CMake module files
[54.530s] Level 1:colcon.colcon_core.environment:checking '/home/ros-user/ros2_jazzy/src/ros2/cpp_clock/install/cpp_clock' for CMake config files
[54.531s] Level 1:colcon.colcon_core.shell:create_environment_hook('cpp_clock', 'cmake_prefix_path')
[54.531s] INFO:colcon.colcon_core.shell:Creating environment hook '/home/ros-user/ros2_jazzy/src/ros2/cpp_clock/install/cpp_clock/share/cpp_clock/hook/cmake_prefix_path.ps1'
[54.537s] INFO:colcon.colcon_core.shell:Creating environment descriptor '/home/ros-user/ros2_jazzy/src/ros2/cpp_clock/install/cpp_clock/share/cpp_clock/hook/cmake_prefix_path.dsv'
[54.541s] INFO:colcon.colcon_core.shell:Creating environment hook '/home/ros-user/ros2_jazzy/src/ros2/cpp_clock/install/cpp_clock/share/cpp_clock/hook/cmake_prefix_path.sh'
[54.544s] Level 1:colcon.colcon_core.environment:checking '/home/ros-user/ros2_jazzy/src/ros2/cpp_clock/install/cpp_clock/lib'
[54.546s] Level 1:colcon.colcon_core.environment:checking '/home/ros-user/ros2_jazzy/src/ros2/cpp_clock/install/cpp_clock/bin'
[54.546s] Level 1:colcon.colcon_core.environment:checking '/home/ros-user/ros2_jazzy/src/ros2/cpp_clock/install/cpp_clock/lib/pkgconfig/cpp_clock.pc'
[54.547s] Level 1:colcon.colcon_core.environment:checking '/home/ros-user/ros2_jazzy/src/ros2/cpp_clock/install/cpp_clock/lib/python3.12/site-packages'
[54.548s] Level 1:colcon.colcon_core.environment:checking '/home/ros-user/ros2_jazzy/src/ros2/cpp_clock/install/cpp_clock/bin'
[54.551s] INFO:colcon.colcon_core.shell:Creating package script '/home/ros-user/ros2_jazzy/src/ros2/cpp_clock/install/cpp_clock/share/cpp_clock/package.ps1'
[54.555s] INFO:colcon.colcon_core.shell:Creating package descriptor '/home/ros-user/ros2_jazzy/src/ros2/cpp_clock/install/cpp_clock/share/cpp_clock/package.dsv'
[54.557s] INFO:colcon.colcon_core.shell:Creating package script '/home/ros-user/ros2_jazzy/src/ros2/cpp_clock/install/cpp_clock/share/cpp_clock/package.sh'
[54.562s] INFO:colcon.colcon_core.shell:Creating package script '/home/ros-user/ros2_jazzy/src/ros2/cpp_clock/install/cpp_clock/share/cpp_clock/package.bash'
[54.565s] INFO:colcon.colcon_core.shell:Creating package script '/home/ros-user/ros2_jazzy/src/ros2/cpp_clock/install/cpp_clock/share/cpp_clock/package.zsh'
[54.567s] Level 1:colcon.colcon_core.environment:create_file_with_runtime_dependencies(/home/ros-user/ros2_jazzy/src/ros2/cpp_clock/install/cpp_clock/share/colcon-core/packages/cpp_clock)
[54.569s] Level 1:colcon.colcon_core.environment:create_environment_scripts_only(cpp_clock)
[54.569s] Level 1:colcon.colcon_core.environment:checking '/home/ros-user/ros2_jazzy/src/ros2/cpp_clock/install/cpp_clock' for CMake module files
[54.571s] Level 1:colcon.colcon_core.environment:checking '/home/ros-user/ros2_jazzy/src/ros2/cpp_clock/install/cpp_clock' for CMake config files
[54.572s] Level 1:colcon.colcon_core.shell:create_environment_hook('cpp_clock', 'cmake_prefix_path')
[54.572s] INFO:colcon.colcon_core.shell:Creating environment hook '/home/ros-user/ros2_jazzy/src/ros2/cpp_clock/install/cpp_clock/share/cpp_clock/hook/cmake_prefix_path.ps1'
[54.573s] INFO:colcon.colcon_core.shell:Creating environment descriptor '/home/ros-user/ros2_jazzy/src/ros2/cpp_clock/install/cpp_clock/share/cpp_clock/hook/cmake_prefix_path.dsv'
[54.574s] INFO:colcon.colcon_core.shell:Creating environment hook '/home/ros-user/ros2_jazzy/src/ros2/cpp_clock/install/cpp_clock/share/cpp_clock/hook/cmake_prefix_path.sh'
[54.576s] Level 1:colcon.colcon_core.environment:checking '/home/ros-user/ros2_jazzy/src/ros2/cpp_clock/install/cpp_clock/lib'
[54.576s] Level 1:colcon.colcon_core.environment:checking '/home/ros-user/ros2_jazzy/src/ros2/cpp_clock/install/cpp_clock/bin'
[54.576s] Level 1:colcon.colcon_core.environment:checking '/home/ros-user/ros2_jazzy/src/ros2/cpp_clock/install/cpp_clock/lib/pkgconfig/cpp_clock.pc'
[54.577s] Level 1:colcon.colcon_core.environment:checking '/home/ros-user/ros2_jazzy/src/ros2/cpp_clock/install/cpp_clock/lib/python3.12/site-packages'
[54.577s] Level 1:colcon.colcon_core.environment:checking '/home/ros-user/ros2_jazzy/src/ros2/cpp_clock/install/cpp_clock/bin'
[54.578s] INFO:colcon.colcon_core.shell:Creating package script '/home/ros-user/ros2_jazzy/src/ros2/cpp_clock/install/cpp_clock/share/cpp_clock/package.ps1'
[54.579s] INFO:colcon.colcon_core.shell:Creating package descriptor '/home/ros-user/ros2_jazzy/src/ros2/cpp_clock/install/cpp_clock/share/cpp_clock/package.dsv'
[54.581s] INFO:colcon.colcon_core.shell:Creating package script '/home/ros-user/ros2_jazzy/src/ros2/cpp_clock/install/cpp_clock/share/cpp_clock/package.sh'
[54.582s] INFO:colcon.colcon_core.shell:Creating package script '/home/ros-user/ros2_jazzy/src/ros2/cpp_clock/install/cpp_clock/share/cpp_clock/package.bash'
[54.584s] INFO:colcon.colcon_core.shell:Creating package script '/home/ros-user/ros2_jazzy/src/ros2/cpp_clock/install/cpp_clock/share/cpp_clock/package.zsh'
[54.585s] Level 1:colcon.colcon_core.environment:create_file_with_runtime_dependencies(/home/ros-user/ros2_jazzy/src/ros2/cpp_clock/install/cpp_clock/share/colcon-core/packages/cpp_clock)
[54.586s] DEBUG:colcon.colcon_parallel_executor.executor.parallel:closing loop
[54.587s] DEBUG:colcon.colcon_parallel_executor.executor.parallel:loop closed
[54.587s] DEBUG:colcon.colcon_parallel_executor.executor.parallel:run_until_complete finished with '0'
[54.589s] DEBUG:colcon.colcon_core.event_reactor:joining thread
[54.622s] INFO:colcon.colcon_core.plugin_system:Skipping extension 'colcon_notification.desktop_notification.terminal_notifier': Not used on non-Darwin systems
[54.623s] INFO:colcon.colcon_core.plugin_system:Skipping extension 'colcon_notification.desktop_notification.win32': Not used on non-Windows systems
[54.623s] INFO:colcon.colcon_notification.desktop_notification:Sending desktop notification using 'notify2'
[54.714s] DEBUG:colcon.colcon_core.event_reactor:joined thread
[54.715s] INFO:colcon.colcon_core.shell:Creating prefix script '/home/ros-user/ros2_jazzy/src/ros2/cpp_clock/install/local_setup.ps1'
[54.719s] INFO:colcon.colcon_core.shell:Creating prefix util module '/home/ros-user/ros2_jazzy/src/ros2/cpp_clock/install/_local_setup_util_ps1.py'
[54.738s] INFO:colcon.colcon_core.shell:Creating prefix chain script '/home/ros-user/ros2_jazzy/src/ros2/cpp_clock/install/setup.ps1'
[54.750s] INFO:colcon.colcon_core.shell:Creating prefix script '/home/ros-user/ros2_jazzy/src/ros2/cpp_clock/install/local_setup.sh'
[54.752s] INFO:colcon.colcon_core.shell:Creating prefix util module '/home/ros-user/ros2_jazzy/src/ros2/cpp_clock/install/_local_setup_util_sh.py'
[54.765s] INFO:colcon.colcon_core.shell:Creating prefix chain script '/home/ros-user/ros2_jazzy/src/ros2/cpp_clock/install/setup.sh'
[54.772s] INFO:colcon.colcon_core.shell:Creating prefix script '/home/ros-user/ros2_jazzy/src/ros2/cpp_clock/install/local_setup.bash'
[54.776s] INFO:colcon.colcon_core.shell:Creating prefix chain script '/home/ros-user/ros2_jazzy/src/ros2/cpp_clock/install/setup.bash'
[54.785s] INFO:colcon.colcon_core.shell:Creating prefix script '/home/ros-user/ros2_jazzy/src/ros2/cpp_clock/install/local_setup.zsh'
[54.788s] INFO:colcon.colcon_core.shell:Creating prefix chain script '/home/ros-user/ros2_jazzy/src/ros2/cpp_clock/install/setup.zsh'
