[0.343s] DEBUG:colcon:Command line arguments: ['/usr/bin/colcon', 'build', '--packages-select', 'serial_listener']
[0.343s] DEBUG:colcon:Parsed command line arguments: Namespace(log_base=None, log_level=None, verb_name='build', build_base='build', install_base='install', merge_install=False, symlink_install=False, test_result_base=None, continue_on_error=False, executor='parallel', parallel_workers=4, event_handlers=None, ignore_user_meta=False, metas=['./colcon.meta'], base_paths=['.'], packages_ignore=None, packages_ignore_regex=None, paths=None, packages_up_to=None, packages_up_to_regex=None, packages_above=None, packages_above_and_dependencies=None, packages_above_depth=None, packages_select_by_dep=None, packages_skip_by_dep=None, packages_skip_up_to=None, packages_select_build_failed=False, packages_skip_build_finished=False, packages_select_test_failures=False, packages_skip_test_passed=False, packages_select=['serial_listener'], packages_skip=None, packages_select_regex=None, packages_skip_regex=None, packages_start=None, packages_end=None, allow_overriding=[], cmake_args=None, cmake_target=None, cmake_target_skip_unavailable=False, cmake_clean_cache=False, cmake_clean_first=False, cmake_force_configure=False, ament_cmake_args=None, catkin_cmake_args=None, catkin_skip_building_tests=False, mixin_files=None, mixin=None, verb_parser=<colcon_mixin.mixin.mixin_argument.MixinArgumentDecorator object at 0x75975696df70>, verb_extension=<colcon_core.verb.build.BuildVerb object at 0x759756948080>, main=<bound method BuildVerb.main of <colcon_core.verb.build.BuildVerb object at 0x759756948080>>, mixin_verb=('build',))
[0.507s] Level 1:colcon.colcon_core.package_discovery:discover_packages(colcon_meta) check parameters
[0.507s] Level 1:colcon.colcon_core.package_discovery:discover_packages(recursive) check parameters
[0.507s] Level 1:colcon.colcon_core.package_discovery:discover_packages(ignore) check parameters
[0.507s] Level 1:colcon.colcon_core.package_discovery:discover_packages(path) check parameters
[0.507s] Level 1:colcon.colcon_core.package_discovery:discover_packages(colcon_meta) discover
[0.508s] Level 1:colcon.colcon_core.package_discovery:discover_packages(recursive) discover
[0.508s] INFO:colcon.colcon_core.package_discovery:Crawling recursively for packages in '/home/ros-user/ros2_jazzy/src/ros2/cpp_serial_listener'
[0.508s] Level 1:colcon.colcon_core.package_identification:_identify(.) by extensions ['ignore', 'ignore_ament_install']
[0.508s] Level 1:colcon.colcon_core.package_identification:_identify(.) by extension 'ignore'
[0.508s] Level 1:colcon.colcon_core.package_identification:_identify(.) by extension 'ignore_ament_install'
[0.508s] Level 1:colcon.colcon_core.package_identification:_identify(.) by extensions ['colcon_pkg']
[0.509s] Level 1:colcon.colcon_core.package_identification:_identify(.) by extension 'colcon_pkg'
[0.509s] Level 1:colcon.colcon_core.package_identification:_identify(.) by extensions ['colcon_meta']
[0.509s] Level 1:colcon.colcon_core.package_identification:_identify(.) by extension 'colcon_meta'
[0.509s] Level 1:colcon.colcon_core.package_identification:_identify(.) by extensions ['ros']
[0.509s] Level 1:colcon.colcon_core.package_identification:_identify(.) by extension 'ros'
[0.587s] DEBUG:colcon.colcon_core.package_identification:Package '.' with type 'ros.ament_cmake' and name 'serial_listener'
[0.587s] Level 1:colcon.colcon_core.package_discovery:discover_packages(recursive) using defaults
[0.587s] Level 1:colcon.colcon_core.package_discovery:discover_packages(ignore) discover
[0.587s] Level 1:colcon.colcon_core.package_discovery:discover_packages(ignore) using defaults
[0.587s] Level 1:colcon.colcon_core.package_discovery:discover_packages(path) discover
[0.588s] Level 1:colcon.colcon_core.package_discovery:discover_packages(path) using defaults
[0.637s] Level 1:colcon.colcon_core.package_discovery:discover_packages(prefix_path) check parameters
[0.638s] Level 1:colcon.colcon_core.package_discovery:discover_packages(prefix_path) discover
[0.655s] WARNING:colcon.colcon_ros.prefix_path.ament:The path '/home/ros-user/ros2_jazzy/src/ros2/cpp_serial_listener/install/serial_listener' in the environment variable AMENT_PREFIX_PATH doesn't exist
[0.686s] WARNING:colcon.colcon_ros.prefix_path.catkin:The path '/home/ros-user/ros2_jazzy/src/ros2/cpp_serial_listener/install/serial_listener' in the environment variable CMAKE_PREFIX_PATH doesn't exist
[0.688s] DEBUG:colcon.colcon_installed_package_information.package_discovery:Found 0 installed packages in /home/ros-user/ros2_jazzy/src/ros2/cpp_serial_listener/install
[0.692s] DEBUG:colcon.colcon_installed_package_information.package_discovery:Found 329 installed packages in /opt/ros/jazzy
[0.695s] Level 1:colcon.colcon_core.package_discovery:discover_packages(prefix_path) using defaults
[0.890s] Level 5:colcon.colcon_core.verb:set package 'serial_listener' build argument 'cmake_args' from command line to 'None'
[0.890s] Level 5:colcon.colcon_core.verb:set package 'serial_listener' build argument 'cmake_target' from command line to 'None'
[0.890s] Level 5:colcon.colcon_core.verb:set package 'serial_listener' build argument 'cmake_target_skip_unavailable' from command line to 'False'
[0.890s] Level 5:colcon.colcon_core.verb:set package 'serial_listener' build argument 'cmake_clean_cache' from command line to 'False'
[0.890s] Level 5:colcon.colcon_core.verb:set package 'serial_listener' build argument 'cmake_clean_first' from command line to 'False'
[0.890s] Level 5:colcon.colcon_core.verb:set package 'serial_listener' build argument 'cmake_force_configure' from command line to 'False'
[0.890s] Level 5:colcon.colcon_core.verb:set package 'serial_listener' build argument 'ament_cmake_args' from command line to 'None'
[0.891s] Level 5:colcon.colcon_core.verb:set package 'serial_listener' build argument 'catkin_cmake_args' from command line to 'None'
[0.891s] Level 5:colcon.colcon_core.verb:set package 'serial_listener' build argument 'catkin_skip_building_tests' from command line to 'False'
[0.891s] DEBUG:colcon.colcon_core.verb:Building package 'serial_listener' with the following arguments: {'ament_cmake_args': None, 'build_base': '/home/ros-user/ros2_jazzy/src/ros2/cpp_serial_listener/build/serial_listener', 'catkin_cmake_args': None, 'catkin_skip_building_tests': False, 'cmake_args': None, 'cmake_clean_cache': False, 'cmake_clean_first': False, 'cmake_force_configure': False, 'cmake_target': None, 'cmake_target_skip_unavailable': False, 'install_base': '/home/ros-user/ros2_jazzy/src/ros2/cpp_serial_listener/install/serial_listener', 'merge_install': False, 'path': '/home/ros-user/ros2_jazzy/src/ros2/cpp_serial_listener', 'symlink_install': False, 'test_result_base': None}
[0.891s] INFO:colcon.colcon_core.executor:Executing jobs using 'parallel' executor
[0.896s] DEBUG:colcon.colcon_parallel_executor.executor.parallel:run_until_complete
[0.896s] INFO:colcon.colcon_ros.task.ament_cmake.build:Building ROS package in '/home/ros-user/ros2_jazzy/src/ros2/cpp_serial_listener' with build type 'ament_cmake'
[0.897s] INFO:colcon.colcon_cmake.task.cmake.build:Building CMake package in '/home/ros-user/ros2_jazzy/src/ros2/cpp_serial_listener'
[0.902s] INFO:colcon.colcon_core.plugin_system:Skipping extension 'colcon_core.shell.bat': Not used on non-Windows systems
[0.902s] INFO:colcon.colcon_core.shell:Skip shell extension 'powershell' for command environment: Not usable outside of PowerShell
[0.903s] DEBUG:colcon.colcon_core.shell:Skip shell extension 'dsv' for command environment
[0.925s] DEBUG:colcon.colcon_core.event_handler.log_command:Invoking command in '/home/ros-user/ros2_jazzy/src/ros2/cpp_serial_listener/build/serial_listener': CMAKE_PREFIX_PATH=${CMAKE_PREFIX_PATH}:/opt/ros/jazzy DEBUGINFOD_URLS=https://debuginfod.ubuntu.com /usr/bin/cmake /home/ros-user/ros2_jazzy/src/ros2/cpp_serial_listener -DCMAKE_INSTALL_PREFIX=/home/ros-user/ros2_jazzy/src/ros2/cpp_serial_listener/install/serial_listener
[7.074s] DEBUG:colcon.colcon_core.event_handler.log_command:Invoked command in '/home/ros-user/ros2_jazzy/src/ros2/cpp_serial_listener/build/serial_listener' returned '0': CMAKE_PREFIX_PATH=${CMAKE_PREFIX_PATH}:/opt/ros/jazzy DEBUGINFOD_URLS=https://debuginfod.ubuntu.com /usr/bin/cmake /home/ros-user/ros2_jazzy/src/ros2/cpp_serial_listener -DCMAKE_INSTALL_PREFIX=/home/ros-user/ros2_jazzy/src/ros2/cpp_serial_listener/install/serial_listener
[7.075s] DEBUG:colcon.colcon_core.event_handler.log_command:Invoking command in '/home/ros-user/ros2_jazzy/src/ros2/cpp_serial_listener/build/serial_listener': CMAKE_PREFIX_PATH=${CMAKE_PREFIX_PATH}:/opt/ros/jazzy DEBUGINFOD_URLS=https://debuginfod.ubuntu.com /usr/bin/cmake --build /home/ros-user/ros2_jazzy/src/ros2/cpp_serial_listener/build/serial_listener -- -j4 -l4
[26.216s] DEBUG:colcon.colcon_core.event_handler.log_command:Invoked command in '/home/ros-user/ros2_jazzy/src/ros2/cpp_serial_listener/build/serial_listener' returned '0': CMAKE_PREFIX_PATH=${CMAKE_PREFIX_PATH}:/opt/ros/jazzy DEBUGINFOD_URLS=https://debuginfod.ubuntu.com /usr/bin/cmake --build /home/ros-user/ros2_jazzy/src/ros2/cpp_serial_listener/build/serial_listener -- -j4 -l4
[26.272s] DEBUG:colcon.colcon_core.event_handler.log_command:Invoking command in '/home/ros-user/ros2_jazzy/src/ros2/cpp_serial_listener/build/serial_listener': CMAKE_PREFIX_PATH=${CMAKE_PREFIX_PATH}:/opt/ros/jazzy DEBUGINFOD_URLS=https://debuginfod.ubuntu.com /usr/bin/cmake --install /home/ros-user/ros2_jazzy/src/ros2/cpp_serial_listener/build/serial_listener
[26.356s] Level 1:colcon.colcon_core.environment:create_environment_scripts_only(serial_listener)
[26.359s] DEBUG:colcon.colcon_core.event_handler.log_command:Invoked command in '/home/ros-user/ros2_jazzy/src/ros2/cpp_serial_listener/build/serial_listener' returned '0': CMAKE_PREFIX_PATH=${CMAKE_PREFIX_PATH}:/opt/ros/jazzy DEBUGINFOD_URLS=https://debuginfod.ubuntu.com /usr/bin/cmake --install /home/ros-user/ros2_jazzy/src/ros2/cpp_serial_listener/build/serial_listener
[26.365s] Level 1:colcon.colcon_core.environment:checking '/home/ros-user/ros2_jazzy/src/ros2/cpp_serial_listener/install/serial_listener' for CMake module files
[26.366s] Level 1:colcon.colcon_core.environment:checking '/home/ros-user/ros2_jazzy/src/ros2/cpp_serial_listener/install/serial_listener' for CMake config files
[26.367s] Level 1:colcon.colcon_core.shell:create_environment_hook('serial_listener', 'cmake_prefix_path')
[26.368s] INFO:colcon.colcon_core.shell:Creating environment hook '/home/ros-user/ros2_jazzy/src/ros2/cpp_serial_listener/install/serial_listener/share/serial_listener/hook/cmake_prefix_path.ps1'
[26.374s] INFO:colcon.colcon_core.shell:Creating environment descriptor '/home/ros-user/ros2_jazzy/src/ros2/cpp_serial_listener/install/serial_listener/share/serial_listener/hook/cmake_prefix_path.dsv'
[26.381s] INFO:colcon.colcon_core.shell:Creating environment hook '/home/ros-user/ros2_jazzy/src/ros2/cpp_serial_listener/install/serial_listener/share/serial_listener/hook/cmake_prefix_path.sh'
[26.386s] Level 1:colcon.colcon_core.environment:checking '/home/ros-user/ros2_jazzy/src/ros2/cpp_serial_listener/install/serial_listener/lib'
[26.386s] Level 1:colcon.colcon_core.environment:checking '/home/ros-user/ros2_jazzy/src/ros2/cpp_serial_listener/install/serial_listener/bin'
[26.386s] Level 1:colcon.colcon_core.environment:checking '/home/ros-user/ros2_jazzy/src/ros2/cpp_serial_listener/install/serial_listener/lib/pkgconfig/serial_listener.pc'
[26.387s] Level 1:colcon.colcon_core.environment:checking '/home/ros-user/ros2_jazzy/src/ros2/cpp_serial_listener/install/serial_listener/lib/python3.12/site-packages'
[26.388s] Level 1:colcon.colcon_core.environment:checking '/home/ros-user/ros2_jazzy/src/ros2/cpp_serial_listener/install/serial_listener/bin'
[26.389s] INFO:colcon.colcon_core.shell:Creating package script '/home/ros-user/ros2_jazzy/src/ros2/cpp_serial_listener/install/serial_listener/share/serial_listener/package.ps1'
[26.391s] INFO:colcon.colcon_core.shell:Creating package descriptor '/home/ros-user/ros2_jazzy/src/ros2/cpp_serial_listener/install/serial_listener/share/serial_listener/package.dsv'
[26.395s] INFO:colcon.colcon_core.shell:Creating package script '/home/ros-user/ros2_jazzy/src/ros2/cpp_serial_listener/install/serial_listener/share/serial_listener/package.sh'
[26.397s] INFO:colcon.colcon_core.shell:Creating package script '/home/ros-user/ros2_jazzy/src/ros2/cpp_serial_listener/install/serial_listener/share/serial_listener/package.bash'
[26.399s] INFO:colcon.colcon_core.shell:Creating package script '/home/ros-user/ros2_jazzy/src/ros2/cpp_serial_listener/install/serial_listener/share/serial_listener/package.zsh'
[26.401s] Level 1:colcon.colcon_core.environment:create_file_with_runtime_dependencies(/home/ros-user/ros2_jazzy/src/ros2/cpp_serial_listener/install/serial_listener/share/colcon-core/packages/serial_listener)
[26.403s] Level 1:colcon.colcon_core.environment:create_environment_scripts_only(serial_listener)
[26.405s] Level 1:colcon.colcon_core.environment:checking '/home/ros-user/ros2_jazzy/src/ros2/cpp_serial_listener/install/serial_listener' for CMake module files
[26.407s] Level 1:colcon.colcon_core.environment:checking '/home/ros-user/ros2_jazzy/src/ros2/cpp_serial_listener/install/serial_listener' for CMake config files
[26.407s] Level 1:colcon.colcon_core.shell:create_environment_hook('serial_listener', 'cmake_prefix_path')
[26.408s] INFO:colcon.colcon_core.shell:Creating environment hook '/home/ros-user/ros2_jazzy/src/ros2/cpp_serial_listener/install/serial_listener/share/serial_listener/hook/cmake_prefix_path.ps1'
[26.410s] INFO:colcon.colcon_core.shell:Creating environment descriptor '/home/ros-user/ros2_jazzy/src/ros2/cpp_serial_listener/install/serial_listener/share/serial_listener/hook/cmake_prefix_path.dsv'
[26.411s] INFO:colcon.colcon_core.shell:Creating environment hook '/home/ros-user/ros2_jazzy/src/ros2/cpp_serial_listener/install/serial_listener/share/serial_listener/hook/cmake_prefix_path.sh'
[26.414s] Level 1:colcon.colcon_core.environment:checking '/home/ros-user/ros2_jazzy/src/ros2/cpp_serial_listener/install/serial_listener/lib'
[26.414s] Level 1:colcon.colcon_core.environment:checking '/home/ros-user/ros2_jazzy/src/ros2/cpp_serial_listener/install/serial_listener/bin'
[26.415s] Level 1:colcon.colcon_core.environment:checking '/home/ros-user/ros2_jazzy/src/ros2/cpp_serial_listener/install/serial_listener/lib/pkgconfig/serial_listener.pc'
[26.415s] Level 1:colcon.colcon_core.environment:checking '/home/ros-user/ros2_jazzy/src/ros2/cpp_serial_listener/install/serial_listener/lib/python3.12/site-packages'
[26.416s] Level 1:colcon.colcon_core.environment:checking '/home/ros-user/ros2_jazzy/src/ros2/cpp_serial_listener/install/serial_listener/bin'
[26.416s] INFO:colcon.colcon_core.shell:Creating package script '/home/ros-user/ros2_jazzy/src/ros2/cpp_serial_listener/install/serial_listener/share/serial_listener/package.ps1'
[26.418s] INFO:colcon.colcon_core.shell:Creating package descriptor '/home/ros-user/ros2_jazzy/src/ros2/cpp_serial_listener/install/serial_listener/share/serial_listener/package.dsv'
[26.419s] INFO:colcon.colcon_core.shell:Creating package script '/home/ros-user/ros2_jazzy/src/ros2/cpp_serial_listener/install/serial_listener/share/serial_listener/package.sh'
[26.424s] INFO:colcon.colcon_core.shell:Creating package script '/home/ros-user/ros2_jazzy/src/ros2/cpp_serial_listener/install/serial_listener/share/serial_listener/package.bash'
[26.425s] INFO:colcon.colcon_core.shell:Creating package script '/home/ros-user/ros2_jazzy/src/ros2/cpp_serial_listener/install/serial_listener/share/serial_listener/package.zsh'
[26.426s] Level 1:colcon.colcon_core.environment:create_file_with_runtime_dependencies(/home/ros-user/ros2_jazzy/src/ros2/cpp_serial_listener/install/serial_listener/share/colcon-core/packages/serial_listener)
[26.427s] DEBUG:colcon.colcon_parallel_executor.executor.parallel:closing loop
[26.429s] DEBUG:colcon.colcon_parallel_executor.executor.parallel:loop closed
[26.429s] DEBUG:colcon.colcon_parallel_executor.executor.parallel:run_until_complete finished with '0'
[26.430s] DEBUG:colcon.colcon_core.event_reactor:joining thread
[26.461s] INFO:colcon.colcon_core.plugin_system:Skipping extension 'colcon_notification.desktop_notification.terminal_notifier': Not used on non-Darwin systems
[26.461s] INFO:colcon.colcon_core.plugin_system:Skipping extension 'colcon_notification.desktop_notification.win32': Not used on non-Windows systems
[26.461s] INFO:colcon.colcon_notification.desktop_notification:Sending desktop notification using 'notify2'
[26.539s] DEBUG:colcon.colcon_core.event_reactor:joined thread
[26.539s] INFO:colcon.colcon_core.shell:Creating prefix script '/home/ros-user/ros2_jazzy/src/ros2/cpp_serial_listener/install/local_setup.ps1'
[26.543s] INFO:colcon.colcon_core.shell:Creating prefix util module '/home/ros-user/ros2_jazzy/src/ros2/cpp_serial_listener/install/_local_setup_util_ps1.py'
[26.546s] INFO:colcon.colcon_core.shell:Creating prefix chain script '/home/ros-user/ros2_jazzy/src/ros2/cpp_serial_listener/install/setup.ps1'
[26.556s] INFO:colcon.colcon_core.shell:Creating prefix script '/home/ros-user/ros2_jazzy/src/ros2/cpp_serial_listener/install/local_setup.sh'
[26.560s] INFO:colcon.colcon_core.shell:Creating prefix util module '/home/ros-user/ros2_jazzy/src/ros2/cpp_serial_listener/install/_local_setup_util_sh.py'
[26.566s] INFO:colcon.colcon_core.shell:Creating prefix chain script '/home/ros-user/ros2_jazzy/src/ros2/cpp_serial_listener/install/setup.sh'
[26.569s] INFO:colcon.colcon_core.shell:Creating prefix script '/home/ros-user/ros2_jazzy/src/ros2/cpp_serial_listener/install/local_setup.bash'
[26.570s] INFO:colcon.colcon_core.shell:Creating prefix chain script '/home/ros-user/ros2_jazzy/src/ros2/cpp_serial_listener/install/setup.bash'
[26.573s] INFO:colcon.colcon_core.shell:Creating prefix script '/home/ros-user/ros2_jazzy/src/ros2/cpp_serial_listener/install/local_setup.zsh'
[26.574s] INFO:colcon.colcon_core.shell:Creating prefix chain script '/home/ros-user/ros2_jazzy/src/ros2/cpp_serial_listener/install/setup.zsh'
