[0.453s] DEBUG:colcon:Command line arguments: ['/usr/bin/colcon', 'build', '--symlink-install', '--cmake-args', '-DCMAKE_BUILD_TYPE=RelWithDebInfo']
[0.454s] DEBUG:colcon:Parsed command line arguments: Namespace(log_base=None, log_level=None, verb_name='build', build_base='build', install_base='install', merge_install=False, symlink_install=True, test_result_base=None, continue_on_error=False, executor='parallel', parallel_workers=4, event_handlers=None, ignore_user_meta=False, metas=['./colcon.meta'], base_paths=['.'], packages_ignore=None, packages_ignore_regex=None, paths=None, packages_up_to=None, packages_up_to_regex=None, packages_above=None, packages_above_and_dependencies=None, packages_above_depth=None, packages_select_by_dep=None, packages_skip_by_dep=None, packages_skip_up_to=None, packages_select_build_failed=False, packages_skip_build_finished=False, packages_select_test_failures=False, packages_skip_test_passed=False, packages_select=None, packages_skip=None, packages_select_regex=None, packages_skip_regex=None, packages_start=None, packages_end=None, allow_overriding=[], cmake_args=['-DCMAKE_BUILD_TYPE=RelWithDebInfo'], cmake_target=None, cmake_target_skip_unavailable=False, cmake_clean_cache=False, cmake_clean_first=False, cmake_force_configure=False, ament_cmake_args=None, catkin_cmake_args=None, catkin_skip_building_tests=False, mixin_files=None, mixin=None, verb_parser=<colcon_mixin.mixin.mixin_argument.MixinArgumentDecorator object at 0x79a30a35a0f0>, verb_extension=<colcon_core.verb.build.BuildVerb object at 0x79a30a4ba930>, main=<bound method BuildVerb.main of <colcon_core.verb.build.BuildVerb object at 0x79a30a4ba930>>, mixin_verb=('build',))
[0.637s] Level 1:colcon.colcon_core.package_discovery:discover_packages(colcon_meta) check parameters
[0.637s] Level 1:colcon.colcon_core.package_discovery:discover_packages(recursive) check parameters
[0.638s] Level 1:colcon.colcon_core.package_discovery:discover_packages(ignore) check parameters
[0.638s] Level 1:colcon.colcon_core.package_discovery:discover_packages(path) check parameters
[0.638s] Level 1:colcon.colcon_core.package_discovery:discover_packages(colcon_meta) discover
[0.638s] Level 1:colcon.colcon_core.package_discovery:discover_packages(recursive) discover
[0.638s] INFO:colcon.colcon_core.package_discovery:Crawling recursively for packages in '/home/ros-user/ros2_jazzy/src/ros2/cpp_pubsub'
[0.638s] Level 1:colcon.colcon_core.package_identification:_identify(.) by extensions ['ignore', 'ignore_ament_install']
[0.639s] Level 1:colcon.colcon_core.package_identification:_identify(.) by extension 'ignore'
[0.639s] Level 1:colcon.colcon_core.package_identification:_identify(.) by extension 'ignore_ament_install'
[0.639s] Level 1:colcon.colcon_core.package_identification:_identify(.) by extensions ['colcon_pkg']
[0.639s] Level 1:colcon.colcon_core.package_identification:_identify(.) by extension 'colcon_pkg'
[0.639s] Level 1:colcon.colcon_core.package_identification:_identify(.) by extensions ['colcon_meta']
[0.639s] Level 1:colcon.colcon_core.package_identification:_identify(.) by extension 'colcon_meta'
[0.639s] Level 1:colcon.colcon_core.package_identification:_identify(.) by extensions ['ros']
[0.639s] Level 1:colcon.colcon_core.package_identification:_identify(.) by extension 'ros'
[0.781s] DEBUG:colcon.colcon_core.package_identification:Package '.' with type 'ros.ament_cmake' and name 'cpp_pubsub'
[0.781s] Level 1:colcon.colcon_core.package_discovery:discover_packages(recursive) using defaults
[0.782s] Level 1:colcon.colcon_core.package_discovery:discover_packages(ignore) discover
[0.782s] Level 1:colcon.colcon_core.package_discovery:discover_packages(ignore) using defaults
[0.782s] Level 1:colcon.colcon_core.package_discovery:discover_packages(path) discover
[0.782s] Level 1:colcon.colcon_core.package_discovery:discover_packages(path) using defaults
[0.886s] Level 1:colcon.colcon_core.package_discovery:discover_packages(prefix_path) check parameters
[0.887s] Level 1:colcon.colcon_core.package_discovery:discover_packages(prefix_path) discover
[0.895s] WARNING:colcon.colcon_ros.prefix_path.ament:The path '/home/ros-user/ros2_jazzy/src/ros2/cpp_pubsub/install/cpp_pubsub' in the environment variable AMENT_PREFIX_PATH doesn't exist
[0.896s] WARNING:colcon.colcon_ros.prefix_path.catkin:The path '/home/ros-user/ros2_jazzy/src/ros2/cpp_pubsub/install/cpp_pubsub' in the environment variable CMAKE_PREFIX_PATH doesn't exist
[0.902s] DEBUG:colcon.colcon_installed_package_information.package_discovery:Found 0 installed packages in /home/ros-user/ros2_jazzy/src/ros2/cpp_pubsub/install
[0.910s] DEBUG:colcon.colcon_installed_package_information.package_discovery:Found 329 installed packages in /opt/ros/jazzy
[0.915s] Level 1:colcon.colcon_core.package_discovery:discover_packages(prefix_path) using defaults
[1.376s] Level 5:colcon.colcon_core.verb:set package 'cpp_pubsub' build argument 'cmake_args' from command line to '['-DCMAKE_BUILD_TYPE=RelWithDebInfo']'
[1.376s] Level 5:colcon.colcon_core.verb:set package 'cpp_pubsub' build argument 'cmake_target' from command line to 'None'
[1.377s] Level 5:colcon.colcon_core.verb:set package 'cpp_pubsub' build argument 'cmake_target_skip_unavailable' from command line to 'False'
[1.377s] Level 5:colcon.colcon_core.verb:set package 'cpp_pubsub' build argument 'cmake_clean_cache' from command line to 'False'
[1.377s] Level 5:colcon.colcon_core.verb:set package 'cpp_pubsub' build argument 'cmake_clean_first' from command line to 'False'
[1.377s] Level 5:colcon.colcon_core.verb:set package 'cpp_pubsub' build argument 'cmake_force_configure' from command line to 'False'
[1.377s] Level 5:colcon.colcon_core.verb:set package 'cpp_pubsub' build argument 'ament_cmake_args' from command line to 'None'
[1.378s] Level 5:colcon.colcon_core.verb:set package 'cpp_pubsub' build argument 'catkin_cmake_args' from command line to 'None'
[1.378s] Level 5:colcon.colcon_core.verb:set package 'cpp_pubsub' build argument 'catkin_skip_building_tests' from command line to 'False'
[1.378s] DEBUG:colcon.colcon_core.verb:Building package 'cpp_pubsub' with the following arguments: {'ament_cmake_args': None, 'build_base': '/home/ros-user/ros2_jazzy/src/ros2/cpp_pubsub/build/cpp_pubsub', 'catkin_cmake_args': None, 'catkin_skip_building_tests': False, 'cmake_args': ['-DCMAKE_BUILD_TYPE=RelWithDebInfo'], 'cmake_clean_cache': False, 'cmake_clean_first': False, 'cmake_force_configure': False, 'cmake_target': None, 'cmake_target_skip_unavailable': False, 'install_base': '/home/ros-user/ros2_jazzy/src/ros2/cpp_pubsub/install/cpp_pubsub', 'merge_install': False, 'path': '/home/ros-user/ros2_jazzy/src/ros2/cpp_pubsub', 'symlink_install': True, 'test_result_base': None}
[1.379s] INFO:colcon.colcon_core.executor:Executing jobs using 'parallel' executor
[1.387s] DEBUG:colcon.colcon_parallel_executor.executor.parallel:run_until_complete
[1.388s] INFO:colcon.colcon_ros.task.ament_cmake.build:Building ROS package in '/home/ros-user/ros2_jazzy/src/ros2/cpp_pubsub' with build type 'ament_cmake'
[1.388s] INFO:colcon.colcon_cmake.task.cmake.build:Building CMake package in '/home/ros-user/ros2_jazzy/src/ros2/cpp_pubsub'
[1.399s] INFO:colcon.colcon_core.plugin_system:Skipping extension 'colcon_core.shell.bat': Not used on non-Windows systems
[1.400s] INFO:colcon.colcon_core.shell:Skip shell extension 'powershell' for command environment: Not usable outside of PowerShell
[1.400s] DEBUG:colcon.colcon_core.shell:Skip shell extension 'dsv' for command environment
[1.427s] DEBUG:colcon.colcon_core.event_handler.log_command:Invoking command in '/home/ros-user/ros2_jazzy/src/ros2/cpp_pubsub/build/cpp_pubsub': CMAKE_PREFIX_PATH=${CMAKE_PREFIX_PATH}:/opt/ros/jazzy DEBUGINFOD_URLS=https://debuginfod.ubuntu.com /usr/bin/cmake /home/ros-user/ros2_jazzy/src/ros2/cpp_pubsub -DCMAKE_BUILD_TYPE=RelWithDebInfo -DAMENT_CMAKE_SYMLINK_INSTALL=1 -DCMAKE_INSTALL_PREFIX=/home/ros-user/ros2_jazzy/src/ros2/cpp_pubsub/install/cpp_pubsub
[8.606s] DEBUG:colcon.colcon_core.event_handler.log_command:Invoked command in '/home/ros-user/ros2_jazzy/src/ros2/cpp_pubsub/build/cpp_pubsub' returned '0': CMAKE_PREFIX_PATH=${CMAKE_PREFIX_PATH}:/opt/ros/jazzy DEBUGINFOD_URLS=https://debuginfod.ubuntu.com /usr/bin/cmake /home/ros-user/ros2_jazzy/src/ros2/cpp_pubsub -DCMAKE_BUILD_TYPE=RelWithDebInfo -DAMENT_CMAKE_SYMLINK_INSTALL=1 -DCMAKE_INSTALL_PREFIX=/home/ros-user/ros2_jazzy/src/ros2/cpp_pubsub/install/cpp_pubsub
[8.607s] DEBUG:colcon.colcon_core.event_handler.log_command:Invoking command in '/home/ros-user/ros2_jazzy/src/ros2/cpp_pubsub/build/cpp_pubsub': CMAKE_PREFIX_PATH=${CMAKE_PREFIX_PATH}:/opt/ros/jazzy DEBUGINFOD_URLS=https://debuginfod.ubuntu.com /usr/bin/cmake --build /home/ros-user/ros2_jazzy/src/ros2/cpp_pubsub/build/cpp_pubsub -- -j4 -l4
[59.706s] DEBUG:colcon.colcon_core.event_handler.log_command:Invoked command in '/home/ros-user/ros2_jazzy/src/ros2/cpp_pubsub/build/cpp_pubsub' returned '0': CMAKE_PREFIX_PATH=${CMAKE_PREFIX_PATH}:/opt/ros/jazzy DEBUGINFOD_URLS=https://debuginfod.ubuntu.com /usr/bin/cmake --build /home/ros-user/ros2_jazzy/src/ros2/cpp_pubsub/build/cpp_pubsub -- -j4 -l4
[59.760s] DEBUG:colcon.colcon_core.event_handler.log_command:Invoking command in '/home/ros-user/ros2_jazzy/src/ros2/cpp_pubsub/build/cpp_pubsub': CMAKE_PREFIX_PATH=${CMAKE_PREFIX_PATH}:/opt/ros/jazzy DEBUGINFOD_URLS=https://debuginfod.ubuntu.com /usr/bin/cmake --install /home/ros-user/ros2_jazzy/src/ros2/cpp_pubsub/build/cpp_pubsub
[60.398s] Level 1:colcon.colcon_core.environment:create_environment_scripts_only(cpp_pubsub)
[60.399s] DEBUG:colcon.colcon_core.event_handler.log_command:Invoked command in '/home/ros-user/ros2_jazzy/src/ros2/cpp_pubsub/build/cpp_pubsub' returned '0': CMAKE_PREFIX_PATH=${CMAKE_PREFIX_PATH}:/opt/ros/jazzy DEBUGINFOD_URLS=https://debuginfod.ubuntu.com /usr/bin/cmake --install /home/ros-user/ros2_jazzy/src/ros2/cpp_pubsub/build/cpp_pubsub
[60.425s] Level 1:colcon.colcon_core.environment:checking '/home/ros-user/ros2_jazzy/src/ros2/cpp_pubsub/install/cpp_pubsub' for CMake module files
[60.428s] Level 1:colcon.colcon_core.environment:checking '/home/ros-user/ros2_jazzy/src/ros2/cpp_pubsub/install/cpp_pubsub' for CMake config files
[60.429s] Level 1:colcon.colcon_core.shell:create_environment_hook('cpp_pubsub', 'cmake_prefix_path')
[60.429s] INFO:colcon.colcon_core.shell:Creating environment hook '/home/ros-user/ros2_jazzy/src/ros2/cpp_pubsub/install/cpp_pubsub/share/cpp_pubsub/hook/cmake_prefix_path.ps1'
[60.432s] INFO:colcon.colcon_core.shell:Creating environment descriptor '/home/ros-user/ros2_jazzy/src/ros2/cpp_pubsub/install/cpp_pubsub/share/cpp_pubsub/hook/cmake_prefix_path.dsv'
[60.442s] INFO:colcon.colcon_core.shell:Creating environment hook '/home/ros-user/ros2_jazzy/src/ros2/cpp_pubsub/install/cpp_pubsub/share/cpp_pubsub/hook/cmake_prefix_path.sh'
[60.446s] Level 1:colcon.colcon_core.environment:checking '/home/ros-user/ros2_jazzy/src/ros2/cpp_pubsub/install/cpp_pubsub/lib'
[60.447s] Level 1:colcon.colcon_core.environment:checking '/home/ros-user/ros2_jazzy/src/ros2/cpp_pubsub/install/cpp_pubsub/bin'
[60.447s] Level 1:colcon.colcon_core.environment:checking '/home/ros-user/ros2_jazzy/src/ros2/cpp_pubsub/install/cpp_pubsub/lib/pkgconfig/cpp_pubsub.pc'
[60.448s] Level 1:colcon.colcon_core.environment:checking '/home/ros-user/ros2_jazzy/src/ros2/cpp_pubsub/install/cpp_pubsub/lib/python3.12/site-packages'
[60.449s] Level 1:colcon.colcon_core.environment:checking '/home/ros-user/ros2_jazzy/src/ros2/cpp_pubsub/install/cpp_pubsub/bin'
[60.449s] INFO:colcon.colcon_core.shell:Creating package script '/home/ros-user/ros2_jazzy/src/ros2/cpp_pubsub/install/cpp_pubsub/share/cpp_pubsub/package.ps1'
[60.453s] INFO:colcon.colcon_core.shell:Creating package descriptor '/home/ros-user/ros2_jazzy/src/ros2/cpp_pubsub/install/cpp_pubsub/share/cpp_pubsub/package.dsv'
[60.463s] INFO:colcon.colcon_core.shell:Creating package script '/home/ros-user/ros2_jazzy/src/ros2/cpp_pubsub/install/cpp_pubsub/share/cpp_pubsub/package.sh'
[60.465s] INFO:colcon.colcon_core.shell:Creating package script '/home/ros-user/ros2_jazzy/src/ros2/cpp_pubsub/install/cpp_pubsub/share/cpp_pubsub/package.bash'
[60.468s] INFO:colcon.colcon_core.shell:Creating package script '/home/ros-user/ros2_jazzy/src/ros2/cpp_pubsub/install/cpp_pubsub/share/cpp_pubsub/package.zsh'
[60.470s] Level 1:colcon.colcon_core.environment:create_file_with_runtime_dependencies(/home/ros-user/ros2_jazzy/src/ros2/cpp_pubsub/install/cpp_pubsub/share/colcon-core/packages/cpp_pubsub)
[60.471s] Level 1:colcon.colcon_core.environment:create_environment_scripts_only(cpp_pubsub)
[60.475s] Level 1:colcon.colcon_core.environment:checking '/home/ros-user/ros2_jazzy/src/ros2/cpp_pubsub/install/cpp_pubsub' for CMake module files
[60.477s] Level 1:colcon.colcon_core.environment:checking '/home/ros-user/ros2_jazzy/src/ros2/cpp_pubsub/install/cpp_pubsub' for CMake config files
[60.478s] Level 1:colcon.colcon_core.shell:create_environment_hook('cpp_pubsub', 'cmake_prefix_path')
[60.482s] INFO:colcon.colcon_core.shell:Creating environment hook '/home/ros-user/ros2_jazzy/src/ros2/cpp_pubsub/install/cpp_pubsub/share/cpp_pubsub/hook/cmake_prefix_path.ps1'
[60.484s] INFO:colcon.colcon_core.shell:Creating environment descriptor '/home/ros-user/ros2_jazzy/src/ros2/cpp_pubsub/install/cpp_pubsub/share/cpp_pubsub/hook/cmake_prefix_path.dsv'
[60.488s] INFO:colcon.colcon_core.shell:Creating environment hook '/home/ros-user/ros2_jazzy/src/ros2/cpp_pubsub/install/cpp_pubsub/share/cpp_pubsub/hook/cmake_prefix_path.sh'
[60.493s] Level 1:colcon.colcon_core.environment:checking '/home/ros-user/ros2_jazzy/src/ros2/cpp_pubsub/install/cpp_pubsub/lib'
[60.493s] Level 1:colcon.colcon_core.environment:checking '/home/ros-user/ros2_jazzy/src/ros2/cpp_pubsub/install/cpp_pubsub/bin'
[60.494s] Level 1:colcon.colcon_core.environment:checking '/home/ros-user/ros2_jazzy/src/ros2/cpp_pubsub/install/cpp_pubsub/lib/pkgconfig/cpp_pubsub.pc'
[60.495s] Level 1:colcon.colcon_core.environment:checking '/home/ros-user/ros2_jazzy/src/ros2/cpp_pubsub/install/cpp_pubsub/lib/python3.12/site-packages'
[60.498s] Level 1:colcon.colcon_core.environment:checking '/home/ros-user/ros2_jazzy/src/ros2/cpp_pubsub/install/cpp_pubsub/bin'
[60.498s] INFO:colcon.colcon_core.shell:Creating package script '/home/ros-user/ros2_jazzy/src/ros2/cpp_pubsub/install/cpp_pubsub/share/cpp_pubsub/package.ps1'
[60.503s] INFO:colcon.colcon_core.shell:Creating package descriptor '/home/ros-user/ros2_jazzy/src/ros2/cpp_pubsub/install/cpp_pubsub/share/cpp_pubsub/package.dsv'
[60.505s] INFO:colcon.colcon_core.shell:Creating package script '/home/ros-user/ros2_jazzy/src/ros2/cpp_pubsub/install/cpp_pubsub/share/cpp_pubsub/package.sh'
[60.510s] INFO:colcon.colcon_core.shell:Creating package script '/home/ros-user/ros2_jazzy/src/ros2/cpp_pubsub/install/cpp_pubsub/share/cpp_pubsub/package.bash'
[60.513s] INFO:colcon.colcon_core.shell:Creating package script '/home/ros-user/ros2_jazzy/src/ros2/cpp_pubsub/install/cpp_pubsub/share/cpp_pubsub/package.zsh'
[60.518s] Level 1:colcon.colcon_core.environment:create_file_with_runtime_dependencies(/home/ros-user/ros2_jazzy/src/ros2/cpp_pubsub/install/cpp_pubsub/share/colcon-core/packages/cpp_pubsub)
[60.522s] DEBUG:colcon.colcon_parallel_executor.executor.parallel:closing loop
[60.523s] DEBUG:colcon.colcon_parallel_executor.executor.parallel:loop closed
[60.523s] DEBUG:colcon.colcon_parallel_executor.executor.parallel:run_until_complete finished with '0'
[60.523s] DEBUG:colcon.colcon_core.event_reactor:joining thread
[60.574s] INFO:colcon.colcon_core.plugin_system:Skipping extension 'colcon_notification.desktop_notification.terminal_notifier': Not used on non-Darwin systems
[60.575s] INFO:colcon.colcon_core.plugin_system:Skipping extension 'colcon_notification.desktop_notification.win32': Not used on non-Windows systems
[60.575s] INFO:colcon.colcon_notification.desktop_notification:Sending desktop notification using 'notify2'
[60.761s] DEBUG:colcon.colcon_core.event_reactor:joined thread
[60.762s] INFO:colcon.colcon_core.shell:Creating prefix script '/home/ros-user/ros2_jazzy/src/ros2/cpp_pubsub/install/local_setup.ps1'
[60.768s] INFO:colcon.colcon_core.shell:Creating prefix util module '/home/ros-user/ros2_jazzy/src/ros2/cpp_pubsub/install/_local_setup_util_ps1.py'
[60.782s] INFO:colcon.colcon_core.shell:Creating prefix chain script '/home/ros-user/ros2_jazzy/src/ros2/cpp_pubsub/install/setup.ps1'
[60.788s] INFO:colcon.colcon_core.shell:Creating prefix script '/home/ros-user/ros2_jazzy/src/ros2/cpp_pubsub/install/local_setup.sh'
[60.796s] INFO:colcon.colcon_core.shell:Creating prefix util module '/home/ros-user/ros2_jazzy/src/ros2/cpp_pubsub/install/_local_setup_util_sh.py'
[60.802s] INFO:colcon.colcon_core.shell:Creating prefix chain script '/home/ros-user/ros2_jazzy/src/ros2/cpp_pubsub/install/setup.sh'
[60.814s] INFO:colcon.colcon_core.shell:Creating prefix script '/home/ros-user/ros2_jazzy/src/ros2/cpp_pubsub/install/local_setup.bash'
[60.819s] INFO:colcon.colcon_core.shell:Creating prefix chain script '/home/ros-user/ros2_jazzy/src/ros2/cpp_pubsub/install/setup.bash'
[60.828s] INFO:colcon.colcon_core.shell:Creating prefix script '/home/ros-user/ros2_jazzy/src/ros2/cpp_pubsub/install/local_setup.zsh'
[60.834s] INFO:colcon.colcon_core.shell:Creating prefix chain script '/home/ros-user/ros2_jazzy/src/ros2/cpp_pubsub/install/setup.zsh'
