[0.960s] DEBUG:colcon:Command line arguments: ['/usr/bin/colcon', 'build', '--symlink-install', '--cmake-args', '-DCMAKE_BUILD_TYPE=RelWithDebInfo']
[0.961s] DEBUG:colcon:Parsed command line arguments: Namespace(log_base=None, log_level=None, verb_name='build', build_base='build', install_base='install', merge_install=False, symlink_install=True, test_result_base=None, continue_on_error=False, executor='parallel', parallel_workers=4, event_handlers=None, ignore_user_meta=False, metas=['./colcon.meta'], base_paths=['.'], packages_ignore=None, packages_ignore_regex=None, paths=None, packages_up_to=None, packages_up_to_regex=None, packages_above=None, packages_above_and_dependencies=None, packages_above_depth=None, packages_select_by_dep=None, packages_skip_by_dep=None, packages_skip_up_to=None, packages_select_build_failed=False, packages_skip_build_finished=False, packages_select_test_failures=False, packages_skip_test_passed=False, packages_select=None, packages_skip=None, packages_select_regex=None, packages_skip_regex=None, packages_start=None, packages_end=None, allow_overriding=[], cmake_args=['-DCMAKE_BUILD_TYPE=RelWithDebInfo'], cmake_target=None, cmake_target_skip_unavailable=False, cmake_clean_cache=False, cmake_clean_first=False, cmake_force_configure=False, ament_cmake_args=None, catkin_cmake_args=None, catkin_skip_building_tests=False, mixin_files=None, mixin=None, verb_parser=<colcon_mixin.mixin.mixin_argument.MixinArgumentDecorator object at 0x7ff5c4241cd0>, verb_extension=<colcon_core.verb.build.BuildVerb object at 0x7ff5c41e9fa0>, main=<bound method BuildVerb.main of <colcon_core.verb.build.BuildVerb object at 0x7ff5c41e9fa0>>, mixin_verb=('build',))
[1.102s] Level 1:colcon.colcon_core.package_discovery:discover_packages(colcon_meta) check parameters
[1.103s] Level 1:colcon.colcon_core.package_discovery:discover_packages(recursive) check parameters
[1.103s] Level 1:colcon.colcon_core.package_discovery:discover_packages(ignore) check parameters
[1.103s] Level 1:colcon.colcon_core.package_discovery:discover_packages(path) check parameters
[1.103s] Level 1:colcon.colcon_core.package_discovery:discover_packages(colcon_meta) discover
[1.103s] Level 1:colcon.colcon_core.package_discovery:discover_packages(recursive) discover
[1.103s] INFO:colcon.colcon_core.package_discovery:Crawling recursively for packages in '/home/ros-user/ros2_jazzy/src/ros2/cpp_clock'
[1.103s] Level 1:colcon.colcon_core.package_identification:_identify(.) by extensions ['ignore', 'ignore_ament_install']
[1.104s] Level 1:colcon.colcon_core.package_identification:_identify(.) by extension 'ignore'
[1.104s] Level 1:colcon.colcon_core.package_identification:_identify(.) by extension 'ignore_ament_install'
[1.104s] Level 1:colcon.colcon_core.package_identification:_identify(.) by extensions ['colcon_pkg']
[1.104s] Level 1:colcon.colcon_core.package_identification:_identify(.) by extension 'colcon_pkg'
[1.105s] Level 1:colcon.colcon_core.package_identification:_identify(.) by extensions ['colcon_meta']
[1.105s] Level 1:colcon.colcon_core.package_identification:_identify(.) by extension 'colcon_meta'
[1.105s] Level 1:colcon.colcon_core.package_identification:_identify(.) by extensions ['ros']
[1.105s] Level 1:colcon.colcon_core.package_identification:_identify(.) by extension 'ros'
[1.245s] DEBUG:colcon.colcon_core.package_identification:Package '.' with type 'ros.ament_cmake' and name 'cpp_clock'
[1.245s] Level 1:colcon.colcon_core.package_discovery:discover_packages(recursive) using defaults
[1.245s] Level 1:colcon.colcon_core.package_discovery:discover_packages(ignore) discover
[1.245s] Level 1:colcon.colcon_core.package_discovery:discover_packages(ignore) using defaults
[1.246s] Level 1:colcon.colcon_core.package_discovery:discover_packages(path) discover
[1.246s] Level 1:colcon.colcon_core.package_discovery:discover_packages(path) using defaults
[1.338s] Level 1:colcon.colcon_core.package_discovery:discover_packages(prefix_path) check parameters
[1.339s] Level 1:colcon.colcon_core.package_discovery:discover_packages(prefix_path) discover
[1.351s] DEBUG:colcon.colcon_installed_package_information.package_discovery:Found 1 installed packages in /home/ros-user/ros2_jazzy/src/ros2/cpp_clock/install
[1.357s] DEBUG:colcon.colcon_installed_package_information.package_discovery:Found 329 installed packages in /opt/ros/jazzy
[1.362s] Level 1:colcon.colcon_core.package_discovery:discover_packages(prefix_path) using defaults
[1.557s] Level 5:colcon.colcon_core.verb:set package 'cpp_clock' build argument 'cmake_args' from command line to '['-DCMAKE_BUILD_TYPE=RelWithDebInfo']'
[1.558s] Level 5:colcon.colcon_core.verb:set package 'cpp_clock' build argument 'cmake_target' from command line to 'None'
[1.558s] Level 5:colcon.colcon_core.verb:set package 'cpp_clock' build argument 'cmake_target_skip_unavailable' from command line to 'False'
[1.558s] Level 5:colcon.colcon_core.verb:set package 'cpp_clock' build argument 'cmake_clean_cache' from command line to 'False'
[1.558s] Level 5:colcon.colcon_core.verb:set package 'cpp_clock' build argument 'cmake_clean_first' from command line to 'False'
[1.558s] Level 5:colcon.colcon_core.verb:set package 'cpp_clock' build argument 'cmake_force_configure' from command line to 'False'
[1.558s] Level 5:colcon.colcon_core.verb:set package 'cpp_clock' build argument 'ament_cmake_args' from command line to 'None'
[1.558s] Level 5:colcon.colcon_core.verb:set package 'cpp_clock' build argument 'catkin_cmake_args' from command line to 'None'
[1.558s] Level 5:colcon.colcon_core.verb:set package 'cpp_clock' build argument 'catkin_skip_building_tests' from command line to 'False'
[1.558s] DEBUG:colcon.colcon_core.verb:Building package 'cpp_clock' with the following arguments: {'ament_cmake_args': None, 'build_base': '/home/ros-user/ros2_jazzy/src/ros2/cpp_clock/build/cpp_clock', 'catkin_cmake_args': None, 'catkin_skip_building_tests': False, 'cmake_args': ['-DCMAKE_BUILD_TYPE=RelWithDebInfo'], 'cmake_clean_cache': False, 'cmake_clean_first': False, 'cmake_force_configure': False, 'cmake_target': None, 'cmake_target_skip_unavailable': False, 'install_base': '/home/ros-user/ros2_jazzy/src/ros2/cpp_clock/install/cpp_clock', 'merge_install': False, 'path': '/home/ros-user/ros2_jazzy/src/ros2/cpp_clock', 'symlink_install': True, 'test_result_base': None}
[1.559s] INFO:colcon.colcon_core.executor:Executing jobs using 'parallel' executor
[1.561s] DEBUG:colcon.colcon_parallel_executor.executor.parallel:run_until_complete
[1.562s] INFO:colcon.colcon_ros.task.ament_cmake.build:Building ROS package in '/home/ros-user/ros2_jazzy/src/ros2/cpp_clock' with build type 'ament_cmake'
[1.562s] INFO:colcon.colcon_cmake.task.cmake.build:Building CMake package in '/home/ros-user/ros2_jazzy/src/ros2/cpp_clock'
[1.575s] INFO:colcon.colcon_core.plugin_system:Skipping extension 'colcon_core.shell.bat': Not used on non-Windows systems
[1.576s] INFO:colcon.colcon_core.shell:Skip shell extension 'powershell' for command environment: Not usable outside of PowerShell
[1.576s] DEBUG:colcon.colcon_core.shell:Skip shell extension 'dsv' for command environment
[1.605s] DEBUG:colcon.colcon_core.event_handler.log_command:Invoking command in '/home/ros-user/ros2_jazzy/src/ros2/cpp_clock/build/cpp_clock': CMAKE_PREFIX_PATH=${CMAKE_PREFIX_PATH}:/opt/ros/jazzy DEBUGINFOD_URLS=https://debuginfod.ubuntu.com /usr/bin/cmake --build /home/ros-user/ros2_jazzy/src/ros2/cpp_clock/build/cpp_clock -- -j4 -l4
[44.727s] DEBUG:colcon.colcon_core.event_handler.log_command:Invoked command in '/home/ros-user/ros2_jazzy/src/ros2/cpp_clock/build/cpp_clock' returned '0': CMAKE_PREFIX_PATH=${CMAKE_PREFIX_PATH}:/opt/ros/jazzy DEBUGINFOD_URLS=https://debuginfod.ubuntu.com /usr/bin/cmake --build /home/ros-user/ros2_jazzy/src/ros2/cpp_clock/build/cpp_clock -- -j4 -l4
[44.768s] DEBUG:colcon.colcon_core.event_handler.log_command:Invoking command in '/home/ros-user/ros2_jazzy/src/ros2/cpp_clock/build/cpp_clock': CMAKE_PREFIX_PATH=${CMAKE_PREFIX_PATH}:/opt/ros/jazzy DEBUGINFOD_URLS=https://debuginfod.ubuntu.com /usr/bin/cmake --install /home/ros-user/ros2_jazzy/src/ros2/cpp_clock/build/cpp_clock
[44.906s] Level 1:colcon.colcon_core.environment:create_environment_scripts_only(cpp_clock)
[44.908s] DEBUG:colcon.colcon_core.event_handler.log_command:Invoked command in '/home/ros-user/ros2_jazzy/src/ros2/cpp_clock/build/cpp_clock' returned '0': CMAKE_PREFIX_PATH=${CMAKE_PREFIX_PATH}:/opt/ros/jazzy DEBUGINFOD_URLS=https://debuginfod.ubuntu.com /usr/bin/cmake --install /home/ros-user/ros2_jazzy/src/ros2/cpp_clock/build/cpp_clock
[44.961s] Level 1:colcon.colcon_core.environment:checking '/home/ros-user/ros2_jazzy/src/ros2/cpp_clock/install/cpp_clock' for CMake module files
[44.963s] Level 1:colcon.colcon_core.environment:checking '/home/ros-user/ros2_jazzy/src/ros2/cpp_clock/install/cpp_clock' for CMake config files
[44.970s] Level 1:colcon.colcon_core.shell:create_environment_hook('cpp_clock', 'cmake_prefix_path')
[44.971s] INFO:colcon.colcon_core.shell:Creating environment hook '/home/ros-user/ros2_jazzy/src/ros2/cpp_clock/install/cpp_clock/share/cpp_clock/hook/cmake_prefix_path.ps1'
[44.985s] INFO:colcon.colcon_core.shell:Creating environment descriptor '/home/ros-user/ros2_jazzy/src/ros2/cpp_clock/install/cpp_clock/share/cpp_clock/hook/cmake_prefix_path.dsv'
[44.989s] INFO:colcon.colcon_core.shell:Creating environment hook '/home/ros-user/ros2_jazzy/src/ros2/cpp_clock/install/cpp_clock/share/cpp_clock/hook/cmake_prefix_path.sh'
[44.993s] Level 1:colcon.colcon_core.environment:checking '/home/ros-user/ros2_jazzy/src/ros2/cpp_clock/install/cpp_clock/lib'
[44.999s] Level 1:colcon.colcon_core.environment:checking '/home/ros-user/ros2_jazzy/src/ros2/cpp_clock/install/cpp_clock/bin'
[45.000s] Level 1:colcon.colcon_core.environment:checking '/home/ros-user/ros2_jazzy/src/ros2/cpp_clock/install/cpp_clock/lib/pkgconfig/cpp_clock.pc'
[45.001s] Level 1:colcon.colcon_core.environment:checking '/home/ros-user/ros2_jazzy/src/ros2/cpp_clock/install/cpp_clock/lib/python3.12/site-packages'
[45.001s] Level 1:colcon.colcon_core.environment:checking '/home/ros-user/ros2_jazzy/src/ros2/cpp_clock/install/cpp_clock/bin'
[45.003s] INFO:colcon.colcon_core.shell:Creating package script '/home/ros-user/ros2_jazzy/src/ros2/cpp_clock/install/cpp_clock/share/cpp_clock/package.ps1'
[45.011s] INFO:colcon.colcon_core.shell:Creating package descriptor '/home/ros-user/ros2_jazzy/src/ros2/cpp_clock/install/cpp_clock/share/cpp_clock/package.dsv'
[45.020s] INFO:colcon.colcon_core.shell:Creating package script '/home/ros-user/ros2_jazzy/src/ros2/cpp_clock/install/cpp_clock/share/cpp_clock/package.sh'
[45.026s] INFO:colcon.colcon_core.shell:Creating package script '/home/ros-user/ros2_jazzy/src/ros2/cpp_clock/install/cpp_clock/share/cpp_clock/package.bash'
[45.032s] INFO:colcon.colcon_core.shell:Creating package script '/home/ros-user/ros2_jazzy/src/ros2/cpp_clock/install/cpp_clock/share/cpp_clock/package.zsh'
[45.047s] Level 1:colcon.colcon_core.environment:create_file_with_runtime_dependencies(/home/ros-user/ros2_jazzy/src/ros2/cpp_clock/install/cpp_clock/share/colcon-core/packages/cpp_clock)
[45.052s] Level 1:colcon.colcon_core.environment:create_environment_scripts_only(cpp_clock)
[45.053s] Level 1:colcon.colcon_core.environment:checking '/home/ros-user/ros2_jazzy/src/ros2/cpp_clock/install/cpp_clock' for CMake module files
[45.055s] Level 1:colcon.colcon_core.environment:checking '/home/ros-user/ros2_jazzy/src/ros2/cpp_clock/install/cpp_clock' for CMake config files
[45.057s] Level 1:colcon.colcon_core.shell:create_environment_hook('cpp_clock', 'cmake_prefix_path')
[45.057s] INFO:colcon.colcon_core.shell:Creating environment hook '/home/ros-user/ros2_jazzy/src/ros2/cpp_clock/install/cpp_clock/share/cpp_clock/hook/cmake_prefix_path.ps1'
[45.060s] INFO:colcon.colcon_core.shell:Creating environment descriptor '/home/ros-user/ros2_jazzy/src/ros2/cpp_clock/install/cpp_clock/share/cpp_clock/hook/cmake_prefix_path.dsv'
[45.063s] INFO:colcon.colcon_core.shell:Creating environment hook '/home/ros-user/ros2_jazzy/src/ros2/cpp_clock/install/cpp_clock/share/cpp_clock/hook/cmake_prefix_path.sh'
[45.065s] Level 1:colcon.colcon_core.environment:checking '/home/ros-user/ros2_jazzy/src/ros2/cpp_clock/install/cpp_clock/lib'
[45.066s] Level 1:colcon.colcon_core.environment:checking '/home/ros-user/ros2_jazzy/src/ros2/cpp_clock/install/cpp_clock/bin'
[45.066s] Level 1:colcon.colcon_core.environment:checking '/home/ros-user/ros2_jazzy/src/ros2/cpp_clock/install/cpp_clock/lib/pkgconfig/cpp_clock.pc'
[45.068s] Level 1:colcon.colcon_core.environment:checking '/home/ros-user/ros2_jazzy/src/ros2/cpp_clock/install/cpp_clock/lib/python3.12/site-packages'
[45.069s] Level 1:colcon.colcon_core.environment:checking '/home/ros-user/ros2_jazzy/src/ros2/cpp_clock/install/cpp_clock/bin'
[45.070s] INFO:colcon.colcon_core.shell:Creating package script '/home/ros-user/ros2_jazzy/src/ros2/cpp_clock/install/cpp_clock/share/cpp_clock/package.ps1'
[45.073s] INFO:colcon.colcon_core.shell:Creating package descriptor '/home/ros-user/ros2_jazzy/src/ros2/cpp_clock/install/cpp_clock/share/cpp_clock/package.dsv'
[45.075s] INFO:colcon.colcon_core.shell:Creating package script '/home/ros-user/ros2_jazzy/src/ros2/cpp_clock/install/cpp_clock/share/cpp_clock/package.sh'
[45.077s] INFO:colcon.colcon_core.shell:Creating package script '/home/ros-user/ros2_jazzy/src/ros2/cpp_clock/install/cpp_clock/share/cpp_clock/package.bash'
[45.081s] INFO:colcon.colcon_core.shell:Creating package script '/home/ros-user/ros2_jazzy/src/ros2/cpp_clock/install/cpp_clock/share/cpp_clock/package.zsh'
[45.083s] Level 1:colcon.colcon_core.environment:create_file_with_runtime_dependencies(/home/ros-user/ros2_jazzy/src/ros2/cpp_clock/install/cpp_clock/share/colcon-core/packages/cpp_clock)
[45.086s] DEBUG:colcon.colcon_parallel_executor.executor.parallel:closing loop
[45.089s] DEBUG:colcon.colcon_parallel_executor.executor.parallel:loop closed
[45.089s] DEBUG:colcon.colcon_parallel_executor.executor.parallel:run_until_complete finished with '0'
[45.090s] DEBUG:colcon.colcon_core.event_reactor:joining thread
[45.149s] INFO:colcon.colcon_core.plugin_system:Skipping extension 'colcon_notification.desktop_notification.terminal_notifier': Not used on non-Darwin systems
[45.149s] INFO:colcon.colcon_core.plugin_system:Skipping extension 'colcon_notification.desktop_notification.win32': Not used on non-Windows systems
[45.150s] INFO:colcon.colcon_notification.desktop_notification:Sending desktop notification using 'notify2'
[45.240s] DEBUG:colcon.colcon_core.event_reactor:joined thread
[45.240s] INFO:colcon.colcon_core.shell:Creating prefix script '/home/ros-user/ros2_jazzy/src/ros2/cpp_clock/install/local_setup.ps1'
[45.253s] INFO:colcon.colcon_core.shell:Creating prefix util module '/home/ros-user/ros2_jazzy/src/ros2/cpp_clock/install/_local_setup_util_ps1.py'
[45.279s] INFO:colcon.colcon_core.shell:Creating prefix chain script '/home/ros-user/ros2_jazzy/src/ros2/cpp_clock/install/setup.ps1'
[45.293s] INFO:colcon.colcon_core.shell:Creating prefix script '/home/ros-user/ros2_jazzy/src/ros2/cpp_clock/install/local_setup.sh'
[45.299s] INFO:colcon.colcon_core.shell:Creating prefix util module '/home/ros-user/ros2_jazzy/src/ros2/cpp_clock/install/_local_setup_util_sh.py'
[45.302s] INFO:colcon.colcon_core.shell:Creating prefix chain script '/home/ros-user/ros2_jazzy/src/ros2/cpp_clock/install/setup.sh'
[45.308s] INFO:colcon.colcon_core.shell:Creating prefix script '/home/ros-user/ros2_jazzy/src/ros2/cpp_clock/install/local_setup.bash'
[45.311s] INFO:colcon.colcon_core.shell:Creating prefix chain script '/home/ros-user/ros2_jazzy/src/ros2/cpp_clock/install/setup.bash'
[45.318s] INFO:colcon.colcon_core.shell:Creating prefix script '/home/ros-user/ros2_jazzy/src/ros2/cpp_clock/install/local_setup.zsh'
[45.324s] INFO:colcon.colcon_core.shell:Creating prefix chain script '/home/ros-user/ros2_jazzy/src/ros2/cpp_clock/install/setup.zsh'
